kotlin version: 1.9.24
error message: Daemon compilation failed: Connection to the Kotlin daemon has been unexpectedly lost. This might be caused by the daemon being killed by another process or the operating system, or by JVM crash.
org.jetbrains.kotlin.gradle.tasks.DaemonCrashedException: Connection to the Kotlin daemon has been unexpectedly lost. This might be caused by the daemon being killed by another process or the operating system, or by JVM crash.
	at org.jetbrains.kotlin.compilerRunner.GradleKotlinCompilerWork.compileWithDaemon(GradleKotlinCompilerWork.kt:250)
	at org.jetbrains.kotlin.compilerRunner.GradleKotlinCompilerWork.compileWithDaemonOrFallbackImpl(GradleKotlinCompilerWork.kt:175)
	at org.jetbrains.kotlin.compilerRunner.GradleKotlinCompilerWork.run(GradleKotlinCompilerWork.kt:135)
	at org.jetbrains.kotlin.compilerRunner.GradleCompilerRunnerWithWorkers$GradleKotlinCompilerWorkAction.execute(GradleCompilerRunnerWithWorkers.kt:73)
	at org.gradle.workers.internal.DefaultWorkerServer.execute(DefaultWorkerServer.java:63)
	at org.gradle.workers.internal.NoIsolationWorkerFactory$1$1.create(NoIsolationWorkerFactory.java:66)
	at org.gradle.workers.internal.NoIsolationWorkerFactory$1$1.create(NoIsolationWorkerFactory.java:62)
	at org.gradle.internal.classloader.ClassLoaderUtils.executeInClassloader(ClassLoaderUtils.java:100)
	at org.gradle.workers.internal.NoIsolationWorkerFactory$1.lambda$execute$0(NoIsolationWorkerFactory.java:62)
	at org.gradle.workers.internal.AbstractWorker$1.call(AbstractWorker.java:44)
	at org.gradle.workers.internal.AbstractWorker$1.call(AbstractWorker.java:41)
	at org.gradle.internal.operations.DefaultBuildOperationRunner$CallableBuildOperationWorker.execute(DefaultBuildOperationRunner.java:200)
	at org.gradle.internal.operations.DefaultBuildOperationRunner$CallableBuildOperationWorker.execute(DefaultBuildOperationRunner.java:195)
	at org.gradle.internal.operations.DefaultBuildOperationRunner$2.execute(DefaultBuildOperationRunner.java:66)
	at org.gradle.internal.operations.DefaultBuildOperationRunner$2.execute(DefaultBuildOperationRunner.java:59)
	at org.gradle.internal.operations.DefaultBuildOperationRunner.execute(DefaultBuildOperationRunner.java:157)
	at org.gradle.internal.operations.DefaultBuildOperationRunner.execute(DefaultBuildOperationRunner.java:59)
	at org.gradle.internal.operations.DefaultBuildOperationRunner.call(DefaultBuildOperationRunner.java:53)
	at org.gradle.internal.operations.DefaultBuildOperationExecutor.call(DefaultBuildOperationExecutor.java:73)
	at org.gradle.workers.internal.AbstractWorker.executeWrappedInBuildOperation(AbstractWorker.java:41)
	at org.gradle.workers.internal.NoIsolationWorkerFactory$1.execute(NoIsolationWorkerFactory.java:59)
	at org.gradle.workers.internal.DefaultWorkerExecutor.lambda$submitWork$0(DefaultWorkerExecutor.java:174)
	at java.base/java.util.concurrent.FutureTask.run(Unknown Source)
	at org.gradle.internal.work.DefaultConditionalExecutionQueue$ExecutionRunner.runExecution(DefaultConditionalExecutionQueue.java:187)
	at org.gradle.internal.work.DefaultConditionalExecutionQueue$ExecutionRunner.access$700(DefaultConditionalExecutionQueue.java:120)
	at org.gradle.internal.work.DefaultConditionalExecutionQueue$ExecutionRunner$1.run(DefaultConditionalExecutionQueue.java:162)
	at org.gradle.internal.Factories$1.create(Factories.java:31)
	at org.gradle.internal.work.DefaultWorkerLeaseService.withLocks(DefaultWorkerLeaseService.java:264)
	at org.gradle.internal.work.DefaultWorkerLeaseService.runAsWorkerThread(DefaultWorkerLeaseService.java:128)
	at org.gradle.internal.work.DefaultWorkerLeaseService.runAsWorkerThread(DefaultWorkerLeaseService.java:133)
	at org.gradle.internal.work.DefaultConditionalExecutionQueue$ExecutionRunner.runBatch(DefaultConditionalExecutionQueue.java:157)
	at org.gradle.internal.work.DefaultConditionalExecutionQueue$ExecutionRunner.run(DefaultConditionalExecutionQueue.java:126)
	at java.base/java.util.concurrent.Executors$RunnableAdapter.call(Unknown Source)
	at java.base/java.util.concurrent.FutureTask.run(Unknown Source)
	at org.gradle.internal.concurrent.ExecutorPolicy$CatchAndRecordFailures.onExecute(ExecutorPolicy.java:64)
	at org.gradle.internal.concurrent.AbstractManagedExecutor$1.run(AbstractManagedExecutor.java:47)
	at java.base/java.util.concurrent.ThreadPoolExecutor.runWorker(Unknown Source)
	at java.base/java.util.concurrent.ThreadPoolExecutor$Worker.run(Unknown Source)
	at java.base/java.lang.Thread.run(Unknown Source)
Caused by: java.rmi.MarshalException: error marshalling arguments; nested exception is: 
	java.net.SocketException: Une connexion établie a été abandonnée par un logiciel de votre ordinateur hôte
	at java.rmi/sun.rmi.server.UnicastRef.invoke(Unknown Source)
	at java.rmi/java.rmi.server.RemoteObjectInvocationHandler.invokeRemoteMethod(Unknown Source)
	at java.rmi/java.rmi.server.RemoteObjectInvocationHandler.invoke(Unknown Source)
	at jdk.proxy4/jdk.proxy4.$Proxy149.compile(Unknown Source)
	at org.jetbrains.kotlin.compilerRunner.GradleKotlinCompilerWork.incrementalCompilationWithDaemon(GradleKotlinCompilerWork.kt:342)
	at org.jetbrains.kotlin.compilerRunner.GradleKotlinCompilerWork.compileWithDaemon(GradleKotlinCompilerWork.kt:239)
	... 38 more
Caused by: java.net.SocketException: Une connexion établie a été abandonnée par un logiciel de votre ordinateur hôte
	at java.base/sun.nio.ch.SocketDispatcher.write0(Native Method)
	at java.base/sun.nio.ch.SocketDispatcher.write(Unknown Source)
	at java.base/sun.nio.ch.NioSocketImpl.tryWrite(Unknown Source)
	at java.base/sun.nio.ch.NioSocketImpl.implWrite(Unknown Source)
	at java.base/sun.nio.ch.NioSocketImpl.write(Unknown Source)
	at java.base/sun.nio.ch.NioSocketImpl$2.write(Unknown Source)
	at java.base/java.net.Socket$SocketOutputStream.write(Unknown Source)
	at java.base/java.io.BufferedOutputStream.flushBuffer(Unknown Source)
	at java.base/java.io.BufferedOutputStream.implWrite(Unknown Source)
	at java.base/java.io.BufferedOutputStream.write(Unknown Source)
	at java.base/java.io.ObjectOutputStream$BlockDataOutputStream.drain(Unknown Source)
	at java.base/java.io.ObjectOutputStream$BlockDataOutputStream.writeByte(Unknown Source)
	at java.base/java.io.ObjectOutputStream.writeFatalException(Unknown Source)
	at java.base/java.io.ObjectOutputStream.writeObject(Unknown Source)
	at java.rmi/sun.rmi.server.UnicastRef.marshalValue(Unknown Source)
	... 44 more


